<?xml version="1.0" encoding="UTF-8" ?>
<testsuite failures="0" time="7.575" errors="0" skipped="0" tests="5" name="com.earcrush.common.persistence.dao.impl.AccountDAOImplFunctionalTest">
  <properties>
    <property name="jboss.i18n.generate-proxies" value="true"/>
    <property name="java.runtime.name" value="Java(TM) SE Runtime Environment"/>
    <property name="sun.boot.library.path" value="c:\Program Files\Java\jdk1.6.0_45\jre\bin"/>
    <property name="java.vm.version" value="20.45-b01"/>
    <property name="java.vm.vendor" value="Sun Microsystems Inc."/>
    <property name="java.vendor.url" value="http://java.sun.com/"/>
    <property name="path.separator" value=";"/>
    <property name="java.vm.name" value="Java HotSpot(TM) 64-Bit Server VM"/>
    <property name="file.encoding.pkg" value="sun.io"/>
    <property name="user.country" value="US"/>
    <property name="sun.java.launcher" value="SUN_STANDARD"/>
    <property name="sun.os.patch.level" value="Service Pack 1"/>
    <property name="java.vm.specification.name" value="Java Virtual Machine Specification"/>
    <property name="user.dir" value="E:\evizi\project\earcrush\common-persistence\functional-test"/>
    <property name="create" value="true"/>
    <property name="java.runtime.version" value="1.6.0_45-b06"/>
    <property name="java.awt.graphicsenv" value="sun.awt.Win32GraphicsEnvironment"/>
    <property name="basedir" value="E:\evizi\project\earcrush\common-persistence\functional-test"/>
    <property name="java.endorsed.dirs" value="c:\Program Files\Java\jdk1.6.0_45\jre\lib\endorsed"/>
    <property name="os.arch" value="amd64"/>
    <property name="surefire.real.class.path" value="C:\Users\vle\AppData\Local\Temp\surefirebooter7675529939429432716.jar;e:\maven-repository\org\jacoco\org.jacoco.agent\0.6.3.201306030806\org.jacoco.agent-0.6.3.201306030806-runtime.jar"/>
    <property name="java.io.tmpdir" value="C:\Users\vle\AppData\Local\Temp\"/>
    <property name="line.separator" value="
"/>
    <property name="java.vm.specification.vendor" value="Sun Microsystems Inc."/>
    <property name="user.variant" value=""/>
    <property name="os.name" value="Windows 7"/>
    <property name="functional-test" value="true"/>
    <property name="sun.jnu.encoding" value="Cp1252"/>
    <property name="java.library.path" value="c:\Program Files\Java\jdk1.6.0_45\jre\bin;C:\Windows\Sun\Java\bin;C:\Windows\system32;C:\Windows;e:\cygwin64\bin;c:\Program Files\Java\jdk1.6.0_45\bin;c:\Program Files (x86)\Git\bin\;C:\app\vle\product\11.2.0\dbhome_deviodb2\bin;C:\Windows\system32;C:\Windows;C:\Windows\System32\Wbem;C:\Windows\System32\WindowsPowerShell\v1.0\;C:\Program Files (x86)\Intel\OpenCL SDK\2.0\bin\x86;C:\Program Files (x86)\Intel\OpenCL SDK\2.0\bin\x64;e:\apache-maven-3.2.1\bin;C:\Program Files\TortoiseGit\bin;e:\android-sdk-windows\platform-tools;C:\Program Files (x86)\MySQL\MySQL Utilities 1.3.6\;."/>
    <property name="surefire.test.class.path" value="E:\evizi\project\earcrush\common-persistence\functional-test\target\test-classes;E:\evizi\project\earcrush\common-persistence\functional-test\target\classes;E:\evizi\project\earcrush\common-persistence\persistence\target\earcrush-common-persistence-1.0.0-SNAPSHOT.jar;e:\maven-repository\com\earcrush\earcrush-common\earcrush-common\1.0.0-SNAPSHOT\earcrush-common-1.0.0-SNAPSHOT.jar;e:\maven-repository\org\quartz-scheduler\quartz\1.8.6\quartz-1.8.6.jar;e:\maven-repository\cglib\cglib-nodep\2.2.2\cglib-nodep-2.2.2.jar;e:\maven-repository\org\objenesis\objenesis\1.0\objenesis-1.0.jar;e:\maven-repository\org\springframework\spring-context-support\3.1.4.RELEASE\spring-context-support-3.1.4.RELEASE.jar;e:\maven-repository\org\springframework\ws\spring-ws-core\1.5.9\spring-ws-core-1.5.9.jar;e:\maven-repository\org\springframework\ws\spring-xml\1.5.9\spring-xml-1.5.9.jar;e:\maven-repository\org\springframework\ws\spring-oxm\1.5.9\spring-oxm-1.5.9.jar;e:\maven-repository\org\springframework\spring-web\3.1.4.RELEASE\spring-web-3.1.4.RELEASE.jar;e:\maven-repository\org\springframework\spring-webmvc\3.1.4.RELEASE\spring-webmvc-3.1.4.RELEASE.jar;e:\maven-repository\wsdl4j\wsdl4j\1.6.1\wsdl4j-1.6.1.jar;e:\maven-repository\org\apache\xmlbeans\xmlbeans\2.4.0\xmlbeans-2.4.0.jar;e:\maven-repository\stax\stax-api\1.0.1\stax-api-1.0.1.jar;e:\maven-repository\commons-validator\commons-validator\1.4.0\commons-validator-1.4.0.jar;e:\maven-repository\commons-digester\commons-digester\1.8\commons-digester-1.8.jar;e:\maven-repository\org\apache\velocity\velocity\1.7\velocity-1.7.jar;e:\maven-repository\commons-lang\commons-lang\2.4\commons-lang-2.4.jar;E:\evizi\project\earcrush\common-persistence\schema\migrate\target\earcrush-common-persistence.schema-migrate-1.0.0-SNAPSHOT.jar;E:\evizi\project\earcrush\common-persistence\schema\bootstrap\target\earcrush-common-persistence.schema-bootstrap-1.0.0-SNAPSHOT.jar;E:\evizi\project\earcrush\common-persistence\schema\custom-migrate\target\earcrush-common-persistence.schema-custom-migrate-1.0.0-SNAPSHOT.jar;e:\maven-repository\org\liquibase\liquibase-core\3.1.1\liquibase-core-3.1.1.jar;e:\maven-repository\org\yaml\snakeyaml\1.13\snakeyaml-1.13.jar;e:\maven-repository\commons-beanutils\commons-beanutils\1.8.3\commons-beanutils-1.8.3.jar;e:\maven-repository\commons-logging\commons-logging\1.1.1\commons-logging-1.1.1.jar;e:\maven-repository\commons-io\commons-io\1.4\commons-io-1.4.jar;e:\maven-repository\commons-collections\commons-collections\3.2.1\commons-collections-3.2.1.jar;e:\maven-repository\org\springframework\spring-context\3.1.4.RELEASE\spring-context-3.1.4.RELEASE.jar;e:\maven-repository\org\springframework\spring-expression\3.1.4.RELEASE\spring-expression-3.1.4.RELEASE.jar;e:\maven-repository\org\hibernate\hibernate-entitymanager\4.1.1.Final\hibernate-entitymanager-4.1.1.Final.jar;e:\maven-repository\org\jboss\logging\jboss-logging\3.1.0.GA\jboss-logging-3.1.0.GA.jar;e:\maven-repository\org\jboss\spec\javax\transaction\jboss-transaction-api_1.1_spec\1.0.0.Final\jboss-transaction-api_1.1_spec-1.0.0.Final.jar;e:\maven-repository\dom4j\dom4j\1.6.1\dom4j-1.6.1.jar;e:\maven-repository\xml-apis\xml-apis\1.0.b2\xml-apis-1.0.b2.jar;e:\maven-repository\org\javassist\javassist\3.15.0-GA\javassist-3.15.0-GA.jar;e:\maven-repository\org\hibernate\common\hibernate-commons-annotations\4.0.1.Final\hibernate-commons-annotations-4.0.1.Final.jar;e:\maven-repository\org\hibernate\hibernate-core\4.1.1.Final\hibernate-core-4.1.1.Final.jar;e:\maven-repository\antlr\antlr\2.7.7\antlr-2.7.7.jar;e:\maven-repository\org\hibernate\hibernate-envers\4.1.1.Final\hibernate-envers-4.1.1.Final.jar;e:\maven-repository\joda-time\joda-time\1.6\joda-time-1.6.jar;e:\maven-repository\com\googlecode\lambdaj\lambdaj\2.3.3\lambdaj-2.3.3.jar;e:\maven-repository\org\hamcrest\hamcrest-all\1.1\hamcrest-all-1.1.jar;e:\maven-repository\org\hamcrest\hamcrest-core\1.2.1\hamcrest-core-1.2.1.jar;e:\maven-repository\org\hamcrest\hamcrest-library\1.2.1\hamcrest-library-1.2.1.jar;e:\maven-repository\org\jasypt\jasypt\1.9.0\jasypt-1.9.0.jar;e:\maven-repository\org\jasypt\jasypt-hibernate4\1.9.0\jasypt-hibernate4-1.9.0.jar;e:\maven-repository\org\jasypt\jasypt-spring3\1.9.0\jasypt-spring3-1.9.0.jar;e:\maven-repository\org\codehaus\jackson\jackson-mapper-asl\1.7.3\jackson-mapper-asl-1.7.3.jar;e:\maven-repository\commons-codec\commons-codec\1.4\commons-codec-1.4.jar;e:\maven-repository\com\google\guava\guava\14.0-rc1\guava-14.0-rc1.jar;E:\evizi\project\earcrush\common-persistence\model\target\earcrush-common-persistence-model-1.0.0-SNAPSHOT.jar;e:\maven-repository\org\codehaus\jackson\jackson-core-asl\1.7.3\jackson-core-asl-1.7.3.jar;e:\maven-repository\org\springframework\spring-test\3.1.4.RELEASE\spring-test-3.1.4.RELEASE.jar;e:\maven-repository\org\springframework\spring-tx\3.1.4.RELEASE\spring-tx-3.1.4.RELEASE.jar;e:\maven-repository\aopalliance\aopalliance\1.0\aopalliance-1.0.jar;e:\maven-repository\org\springframework\spring-beans\3.1.4.RELEASE\spring-beans-3.1.4.RELEASE.jar;e:\maven-repository\org\springframework\spring-core\3.1.4.RELEASE\spring-core-3.1.4.RELEASE.jar;e:\maven-repository\org\springframework\spring-orm\3.1.4.RELEASE\spring-orm-3.1.4.RELEASE.jar;e:\maven-repository\org\springframework\spring-aop\3.1.4.RELEASE\spring-aop-3.1.4.RELEASE.jar;e:\maven-repository\org\springframework\spring-asm\3.1.4.RELEASE\spring-asm-3.1.4.RELEASE.jar;e:\maven-repository\org\springframework\spring-jdbc\3.1.4.RELEASE\spring-jdbc-3.1.4.RELEASE.jar;e:\maven-repository\org\apache\commons\commons-lang3\3.0\commons-lang3-3.0.jar;e:\maven-repository\org\hibernate\javax\persistence\hibernate-jpa-2.0-api\1.0.1.Final\hibernate-jpa-2.0-api-1.0.1.Final.jar;e:\maven-repository\mysql\mysql-connector-java\5.1.29\mysql-connector-java-5.1.29.jar;e:\maven-repository\org\slf4j\slf4j-log4j12\1.6.1\slf4j-log4j12-1.6.1.jar;e:\maven-repository\log4j\log4j\1.2.15\log4j-1.2.15.jar;e:\maven-repository\javax\mail\mail\1.4\mail-1.4.jar;e:\maven-repository\javax\activation\activation\1.1\activation-1.1.jar;e:\maven-repository\junit\junit\4.8.2\junit-4.8.2.jar;e:\maven-repository\org\slf4j\slf4j-api\1.6.1\slf4j-api-1.6.1.jar;e:\maven-repository\junit-addons\junit-addons\1.4\junit-addons-1.4.jar;e:\maven-repository\xerces\xercesImpl\2.6.2\xercesImpl-2.6.2.jar;e:\maven-repository\xerces\xmlParserAPIs\2.6.2\xmlParserAPIs-2.6.2.jar;e:\maven-repository\org\mockito\mockito-all\1.9.0\mockito-all-1.9.0.jar;"/>
    <property name="java.specification.name" value="Java Platform API Specification"/>
    <property name="java.class.version" value="50.0"/>
    <property name="sun.management.compiler" value="HotSpot 64-Bit Tiered Compilers"/>
    <property name="os.version" value="6.1"/>
    <property name="user.home" value="C:\Users\vle"/>
    <property name="user.timezone" value="America/Chicago"/>
    <property name="java.awt.printerjob" value="sun.awt.windows.WPrinterJob"/>
    <property name="java.specification.version" value="1.6"/>
    <property name="file.encoding" value="Cp1252"/>
    <property name="sample-data" value="true"/>
    <property name="user.name" value="vle"/>
    <property name="java.class.path" value="E:\evizi\project\earcrush\common-persistence\functional-test\target\test-classes;E:\evizi\project\earcrush\common-persistence\functional-test\target\classes;E:\evizi\project\earcrush\common-persistence\persistence\target\earcrush-common-persistence-1.0.0-SNAPSHOT.jar;e:\maven-repository\com\earcrush\earcrush-common\earcrush-common\1.0.0-SNAPSHOT\earcrush-common-1.0.0-SNAPSHOT.jar;e:\maven-repository\org\quartz-scheduler\quartz\1.8.6\quartz-1.8.6.jar;e:\maven-repository\cglib\cglib-nodep\2.2.2\cglib-nodep-2.2.2.jar;e:\maven-repository\org\objenesis\objenesis\1.0\objenesis-1.0.jar;e:\maven-repository\org\springframework\spring-context-support\3.1.4.RELEASE\spring-context-support-3.1.4.RELEASE.jar;e:\maven-repository\org\springframework\ws\spring-ws-core\1.5.9\spring-ws-core-1.5.9.jar;e:\maven-repository\org\springframework\ws\spring-xml\1.5.9\spring-xml-1.5.9.jar;e:\maven-repository\org\springframework\ws\spring-oxm\1.5.9\spring-oxm-1.5.9.jar;e:\maven-repository\org\springframework\spring-web\3.1.4.RELEASE\spring-web-3.1.4.RELEASE.jar;e:\maven-repository\org\springframework\spring-webmvc\3.1.4.RELEASE\spring-webmvc-3.1.4.RELEASE.jar;e:\maven-repository\wsdl4j\wsdl4j\1.6.1\wsdl4j-1.6.1.jar;e:\maven-repository\org\apache\xmlbeans\xmlbeans\2.4.0\xmlbeans-2.4.0.jar;e:\maven-repository\stax\stax-api\1.0.1\stax-api-1.0.1.jar;e:\maven-repository\commons-validator\commons-validator\1.4.0\commons-validator-1.4.0.jar;e:\maven-repository\commons-digester\commons-digester\1.8\commons-digester-1.8.jar;e:\maven-repository\org\apache\velocity\velocity\1.7\velocity-1.7.jar;e:\maven-repository\commons-lang\commons-lang\2.4\commons-lang-2.4.jar;E:\evizi\project\earcrush\common-persistence\schema\migrate\target\earcrush-common-persistence.schema-migrate-1.0.0-SNAPSHOT.jar;E:\evizi\project\earcrush\common-persistence\schema\bootstrap\target\earcrush-common-persistence.schema-bootstrap-1.0.0-SNAPSHOT.jar;E:\evizi\project\earcrush\common-persistence\schema\custom-migrate\target\earcrush-common-persistence.schema-custom-migrate-1.0.0-SNAPSHOT.jar;e:\maven-repository\org\liquibase\liquibase-core\3.1.1\liquibase-core-3.1.1.jar;e:\maven-repository\org\yaml\snakeyaml\1.13\snakeyaml-1.13.jar;e:\maven-repository\commons-beanutils\commons-beanutils\1.8.3\commons-beanutils-1.8.3.jar;e:\maven-repository\commons-logging\commons-logging\1.1.1\commons-logging-1.1.1.jar;e:\maven-repository\commons-io\commons-io\1.4\commons-io-1.4.jar;e:\maven-repository\commons-collections\commons-collections\3.2.1\commons-collections-3.2.1.jar;e:\maven-repository\org\springframework\spring-context\3.1.4.RELEASE\spring-context-3.1.4.RELEASE.jar;e:\maven-repository\org\springframework\spring-expression\3.1.4.RELEASE\spring-expression-3.1.4.RELEASE.jar;e:\maven-repository\org\hibernate\hibernate-entitymanager\4.1.1.Final\hibernate-entitymanager-4.1.1.Final.jar;e:\maven-repository\org\jboss\logging\jboss-logging\3.1.0.GA\jboss-logging-3.1.0.GA.jar;e:\maven-repository\org\jboss\spec\javax\transaction\jboss-transaction-api_1.1_spec\1.0.0.Final\jboss-transaction-api_1.1_spec-1.0.0.Final.jar;e:\maven-repository\dom4j\dom4j\1.6.1\dom4j-1.6.1.jar;e:\maven-repository\xml-apis\xml-apis\1.0.b2\xml-apis-1.0.b2.jar;e:\maven-repository\org\javassist\javassist\3.15.0-GA\javassist-3.15.0-GA.jar;e:\maven-repository\org\hibernate\common\hibernate-commons-annotations\4.0.1.Final\hibernate-commons-annotations-4.0.1.Final.jar;e:\maven-repository\org\hibernate\hibernate-core\4.1.1.Final\hibernate-core-4.1.1.Final.jar;e:\maven-repository\antlr\antlr\2.7.7\antlr-2.7.7.jar;e:\maven-repository\org\hibernate\hibernate-envers\4.1.1.Final\hibernate-envers-4.1.1.Final.jar;e:\maven-repository\joda-time\joda-time\1.6\joda-time-1.6.jar;e:\maven-repository\com\googlecode\lambdaj\lambdaj\2.3.3\lambdaj-2.3.3.jar;e:\maven-repository\org\hamcrest\hamcrest-all\1.1\hamcrest-all-1.1.jar;e:\maven-repository\org\hamcrest\hamcrest-core\1.2.1\hamcrest-core-1.2.1.jar;e:\maven-repository\org\hamcrest\hamcrest-library\1.2.1\hamcrest-library-1.2.1.jar;e:\maven-repository\org\jasypt\jasypt\1.9.0\jasypt-1.9.0.jar;e:\maven-repository\org\jasypt\jasypt-hibernate4\1.9.0\jasypt-hibernate4-1.9.0.jar;e:\maven-repository\org\jasypt\jasypt-spring3\1.9.0\jasypt-spring3-1.9.0.jar;e:\maven-repository\org\codehaus\jackson\jackson-mapper-asl\1.7.3\jackson-mapper-asl-1.7.3.jar;e:\maven-repository\commons-codec\commons-codec\1.4\commons-codec-1.4.jar;e:\maven-repository\com\google\guava\guava\14.0-rc1\guava-14.0-rc1.jar;E:\evizi\project\earcrush\common-persistence\model\target\earcrush-common-persistence-model-1.0.0-SNAPSHOT.jar;e:\maven-repository\org\codehaus\jackson\jackson-core-asl\1.7.3\jackson-core-asl-1.7.3.jar;e:\maven-repository\org\springframework\spring-test\3.1.4.RELEASE\spring-test-3.1.4.RELEASE.jar;e:\maven-repository\org\springframework\spring-tx\3.1.4.RELEASE\spring-tx-3.1.4.RELEASE.jar;e:\maven-repository\aopalliance\aopalliance\1.0\aopalliance-1.0.jar;e:\maven-repository\org\springframework\spring-beans\3.1.4.RELEASE\spring-beans-3.1.4.RELEASE.jar;e:\maven-repository\org\springframework\spring-core\3.1.4.RELEASE\spring-core-3.1.4.RELEASE.jar;e:\maven-repository\org\springframework\spring-orm\3.1.4.RELEASE\spring-orm-3.1.4.RELEASE.jar;e:\maven-repository\org\springframework\spring-aop\3.1.4.RELEASE\spring-aop-3.1.4.RELEASE.jar;e:\maven-repository\org\springframework\spring-asm\3.1.4.RELEASE\spring-asm-3.1.4.RELEASE.jar;e:\maven-repository\org\springframework\spring-jdbc\3.1.4.RELEASE\spring-jdbc-3.1.4.RELEASE.jar;e:\maven-repository\org\apache\commons\commons-lang3\3.0\commons-lang3-3.0.jar;e:\maven-repository\org\hibernate\javax\persistence\hibernate-jpa-2.0-api\1.0.1.Final\hibernate-jpa-2.0-api-1.0.1.Final.jar;e:\maven-repository\mysql\mysql-connector-java\5.1.29\mysql-connector-java-5.1.29.jar;e:\maven-repository\org\slf4j\slf4j-log4j12\1.6.1\slf4j-log4j12-1.6.1.jar;e:\maven-repository\log4j\log4j\1.2.15\log4j-1.2.15.jar;e:\maven-repository\javax\mail\mail\1.4\mail-1.4.jar;e:\maven-repository\javax\activation\activation\1.1\activation-1.1.jar;e:\maven-repository\junit\junit\4.8.2\junit-4.8.2.jar;e:\maven-repository\org\slf4j\slf4j-api\1.6.1\slf4j-api-1.6.1.jar;e:\maven-repository\junit-addons\junit-addons\1.4\junit-addons-1.4.jar;e:\maven-repository\xerces\xercesImpl\2.6.2\xercesImpl-2.6.2.jar;e:\maven-repository\xerces\xmlParserAPIs\2.6.2\xmlParserAPIs-2.6.2.jar;e:\maven-repository\org\mockito\mockito-all\1.9.0\mockito-all-1.9.0.jar;"/>
    <property name="java.vm.specification.version" value="1.0"/>
    <property name="sun.arch.data.model" value="64"/>
    <property name="java.home" value="c:\Program Files\Java\jdk1.6.0_45\jre"/>
    <property name="sun.java.command" value="C:\Users\vle\AppData\Local\Temp\surefirebooter7675529939429432716.jar C:\Users\vle\AppData\Local\Temp\surefire3596188673545278588tmp C:\Users\vle\AppData\Local\Temp\surefire724574714780904970tmp"/>
    <property name="java.specification.vendor" value="Sun Microsystems Inc."/>
    <property name="user.language" value="en"/>
    <property name="awt.toolkit" value="sun.awt.windows.WToolkit"/>
    <property name="java.vm.info" value="mixed mode"/>
    <property name="java.version" value="1.6.0_45"/>
    <property name="java.ext.dirs" value="c:\Program Files\Java\jdk1.6.0_45\jre\lib\ext;C:\Windows\Sun\Java\lib\ext"/>
    <property name="sun.boot.class.path" value="c:\Program Files\Java\jdk1.6.0_45\jre\lib\resources.jar;c:\Program Files\Java\jdk1.6.0_45\jre\lib\rt.jar;c:\Program Files\Java\jdk1.6.0_45\jre\lib\sunrsasign.jar;c:\Program Files\Java\jdk1.6.0_45\jre\lib\jsse.jar;c:\Program Files\Java\jdk1.6.0_45\jre\lib\jce.jar;c:\Program Files\Java\jdk1.6.0_45\jre\lib\charsets.jar;c:\Program Files\Java\jdk1.6.0_45\jre\lib\modules\jdk.boot.jar;c:\Program Files\Java\jdk1.6.0_45\jre\classes"/>
    <property name="java.vendor" value="Sun Microsystems Inc."/>
    <property name="localRepository" value="e:\maven-repository"/>
    <property name="file.separator" value="\"/>
    <property name="java.vendor.url.bug" value="http://java.sun.com/cgi-bin/bugreport.cgi"/>
    <property name="sun.cpu.endian" value="little"/>
    <property name="sun.io.unicode.encoding" value="UnicodeLittle"/>
    <property name="sun.desktop" value="windows"/>
    <property name="sun.cpu.isalist" value="amd64"/>
  </properties>
  <testcase time="6.046" classname="com.earcrush.common.persistence.dao.impl.AccountDAOImplFunctionalTest" name="testUnmarshall"/>
  <testcase time="0.088" classname="com.earcrush.common.persistence.dao.impl.AccountDAOImplFunctionalTest" name="testUniqueEmail"/>
  <testcase time="0.072" classname="com.earcrush.common.persistence.dao.impl.AccountDAOImplFunctionalTest" name="testUniqueEmailDifferentCase"/>
  <testcase time="0.332" classname="com.earcrush.common.persistence.dao.impl.AccountDAOImplFunctionalTest" name="testFindByEmail"/>
  <testcase time="0.071" classname="com.earcrush.common.persistence.dao.impl.AccountDAOImplFunctionalTest" name="testFindByEmailDifferentCase"/>
</testsuite>